Flow report for TOP
Fri Jun 02 13:48:11 2023
Quartus II 64-Bit Version 13.1.0 Build 162 10/23/2013 SJ Full Version


---------------------
; Table of Contents ;
---------------------
  1. Legal Notice
  2. Flow Summary
  3. Flow Settings
  4. Flow Non-Default Global Settings
  5. Flow Elapsed Time
  6. Flow OS Summary
  7. Flow Log
  8. Flow Messages
  9. Flow Suppressed Messages



----------------
; Legal Notice ;
----------------
Copyright (C) 1991-2013 Altera Corporation
Your use of Altera Corporation's design tools, logic functions 
and other software and tools, and its AMPP partner logic 
functions, and any output files from any of the foregoing 
(including device programming or simulation files), and any 
associated documentation or information are expressly subject 
to the terms and conditions of the Altera Program License 
Subscription Agreement, Altera MegaCore Function License 
Agreement, or other applicable license agreement, including, 
without limitation, that your use is for the sole purpose of 
programming logic devices manufactured by Altera and sold by 
Altera or its authorized distributors.  Please refer to the 
applicable agreement for further details.



+----------------------------------------------------------------------------------+
; Flow Summary                                                                     ;
+------------------------------------+---------------------------------------------+
; Flow Status                        ; Successful - Fri Jun 02 13:48:11 2023       ;
; Quartus II 64-Bit Version          ; 13.1.0 Build 162 10/23/2013 SJ Full Version ;
; Revision Name                      ; TOP                                         ;
; Top-level Entity Name              ; TOP                                         ;
; Family                             ; Cyclone III                                 ;
; Device                             ; EP3C55F484C8                                ;
; Timing Models                      ; Final                                       ;
; Total logic elements               ; 2,193 / 55,856 ( 4 % )                      ;
;     Total combinational functions  ; 2,158 / 55,856 ( 4 % )                      ;
;     Dedicated logic registers      ; 337 / 55,856 ( < 1 % )                      ;
; Total registers                    ; 337                                         ;
; Total pins                         ; 20 / 328 ( 6 % )                            ;
; Total virtual pins                 ; 0                                           ;
; Total memory bits                  ; 4,096 / 2,396,160 ( < 1 % )                 ;
; Embedded Multiplier 9-bit elements ; 20 / 312 ( 6 % )                            ;
; Total PLLs                         ; 0 / 4 ( 0 % )                               ;
+------------------------------------+---------------------------------------------+


+-----------------------------------------+
; Flow Settings                           ;
+-------------------+---------------------+
; Option            ; Setting             ;
+-------------------+---------------------+
; Start date & time ; 06/02/2023 13:47:25 ;
; Main task         ; Compilation         ;
; Revision Name     ; TOP                 ;
+-------------------+---------------------+


+----------------------------------------------------------------------------------------------------------------------------------------------------+
; Flow Non-Default Global Settings                                                                                                                   ;
+--------------------------------------+----------------------------------------------------------+---------------+-------------+--------------------+
; Assignment Name                      ; Value                                                    ; Default Value ; Entity Name ; Section Id         ;
+--------------------------------------+----------------------------------------------------------+---------------+-------------+--------------------+
; COMPILER_SIGNATURE_ID                ; 264809158287877.168568484509176                          ; --            ; --          ; --                 ;
; EDA_DESIGN_INSTANCE_NAME             ; NA                                                       ; --            ; --          ; TOP_vhd_tst        ;
; EDA_DESIGN_INSTANCE_NAME             ; NA                                                       ; --            ; --          ; youxiaozhi_vhd_tst ;
; EDA_GENERATE_FUNCTIONAL_NETLIST      ; On                                                       ; --            ; --          ; eda_simulation     ;
; EDA_NATIVELINK_SIMULATION_TEST_BENCH ; top_vhd_tst                                              ; --            ; --          ; eda_simulation     ;
; EDA_NETLIST_WRITER_OUTPUT_DIR        ; E:/quartus/EDA_PROJECT/project_6_xiugai/simulation/qsim/ ; --            ; --          ; eda_simulation     ;
; EDA_OUTPUT_DATA_FORMAT               ; Verilog Hdl                                              ; --            ; --          ; eda_simulation     ;
; EDA_SIMULATION_TOOL                  ; ModelSim-Altera (Verilog)                                ; <None>        ; --          ; --                 ;
; EDA_TEST_BENCH_ENABLE_STATUS         ; TEST_BENCH_MODE                                          ; --            ; --          ; eda_simulation     ;
; EDA_TEST_BENCH_FILE                  ; simulation/qsim/TOP.vht                                  ; --            ; --          ; TOP_vhd_tst        ;
; EDA_TEST_BENCH_FILE                  ; simulation/qsim/youxiaozhi.vht                           ; --            ; --          ; youxiaozhi_vhd_tst ;
; EDA_TEST_BENCH_MODULE_NAME           ; top_vhd_tst                                              ; --            ; --          ; TOP_vhd_tst        ;
; EDA_TEST_BENCH_MODULE_NAME           ; youxiaozhi_vhd_tst                                       ; --            ; --          ; youxiaozhi_vhd_tst ;
; EDA_TEST_BENCH_NAME                  ; youxiaozhi_vhd_tst                                       ; --            ; --          ; eda_simulation     ;
; EDA_TEST_BENCH_NAME                  ; top_vhd_tst                                              ; --            ; --          ; eda_simulation     ;
; EDA_TIME_SCALE                       ; 1 ps                                                     ; --            ; --          ; eda_simulation     ;
; IP_TOOL_NAME                         ; ROM: 1-PORT                                              ; --            ; --          ; --                 ;
; IP_TOOL_NAME                         ; ROM: 1-PORT                                              ; --            ; --          ; --                 ;
; IP_TOOL_VERSION                      ; 13.1                                                     ; --            ; --          ; --                 ;
; IP_TOOL_VERSION                      ; 13.1                                                     ; --            ; --          ; --                 ;
; MAX_CORE_JUNCTION_TEMP               ; 85                                                       ; --            ; --          ; --                 ;
; MIN_CORE_JUNCTION_TEMP               ; 0                                                        ; --            ; --          ; --                 ;
; MISC_FILE                            ; sin.cmp                                                  ; --            ; --          ; --                 ;
; MISC_FILE                            ; cos.cmp                                                  ; --            ; --          ; --                 ;
; PARTITION_COLOR                      ; 16764057                                                 ; --            ; --          ; Top                ;
; PARTITION_FITTER_PRESERVATION_LEVEL  ; PLACEMENT_AND_ROUTING                                    ; --            ; --          ; Top                ;
; PARTITION_NETLIST_TYPE               ; SOURCE                                                   ; --            ; --          ; Top                ;
; POWER_BOARD_THERMAL_MODEL            ; None (CONSERVATIVE)                                      ; --            ; --          ; --                 ;
; POWER_PRESET_COOLING_SOLUTION        ; 23 MM HEAT SINK WITH 200 LFPM AIRFLOW                    ; --            ; --          ; --                 ;
; PROJECT_OUTPUT_DIRECTORY             ; output_files                                             ; --            ; --          ; --                 ;
; VHDL_SHOW_LMF_MAPPING_MESSAGES       ; Off                                                      ; --            ; --          ; --                 ;
+--------------------------------------+----------------------------------------------------------+---------------+-------------+--------------------+


+-------------------------------------------------------------------------------------------------------------------------------+
; Flow Elapsed Time                                                                                                             ;
+---------------------------+--------------+-------------------------+---------------------+------------------------------------+
; Module Name               ; Elapsed Time ; Average Processors Used ; Peak Virtual Memory ; Total CPU Time (on all processors) ;
+---------------------------+--------------+-------------------------+---------------------+------------------------------------+
; Analysis & Synthesis      ; 00:00:17     ; 1.0                     ; 4826 MB             ; 00:00:11                           ;
; Fitter                    ; 00:00:15     ; 3.7                     ; 6017 MB             ; 00:00:11                           ;
; Assembler                 ; 00:00:01     ; 1.0                     ; 4617 MB             ; 00:00:01                           ;
; TimeQuest Timing Analyzer ; 00:00:08     ; 1.9                     ; 4963 MB             ; 00:00:06                           ;
; EDA Netlist Writer        ; 00:00:01     ; 1.0                     ; 4575 MB             ; 00:00:00                           ;
; Total                     ; 00:00:42     ; --                      ; --                  ; 00:00:29                           ;
+---------------------------+--------------+-------------------------+---------------------+------------------------------------+


+----------------------------------------------------------------------------------------+
; Flow OS Summary                                                                        ;
+---------------------------+------------------+-----------+------------+----------------+
; Module Name               ; Machine Hostname ; OS Name   ; OS Version ; Processor type ;
+---------------------------+------------------+-----------+------------+----------------+
; Analysis & Synthesis      ; DESKTOP-69MNTJC  ; Windows 7 ; 6.2        ; x86_64         ;
; Fitter                    ; DESKTOP-69MNTJC  ; Windows 7 ; 6.2        ; x86_64         ;
; Assembler                 ; DESKTOP-69MNTJC  ; Windows 7 ; 6.2        ; x86_64         ;
; TimeQuest Timing Analyzer ; DESKTOP-69MNTJC  ; Windows 7 ; 6.2        ; x86_64         ;
; EDA Netlist Writer        ; DESKTOP-69MNTJC  ; Windows 7 ; 6.2        ; x86_64         ;
+---------------------------+------------------+-----------+------------+----------------+


------------
; Flow Log ;
------------
quartus_map --read_settings_files=on --write_settings_files=off TOP -c TOP
quartus_fit --read_settings_files=off --write_settings_files=off TOP -c TOP
quartus_asm --read_settings_files=off --write_settings_files=off TOP -c TOP
quartus_sta TOP -c TOP
quartus_eda --read_settings_files=off --write_settings_files=off TOP -c TOP



