# Reading G:/Modesim_10_6/tcl/vsim/pref.tcl
# do sim.do
# ** Error: (vlib-35) Failed to create directory "work".
# File exists. (errno = EEXIST)
# Model Technology ModelSim DE-64 vmap 10.6c Lib Mapping Utility 2017.07 Jul 26 2017
# vmap work ./work 
# Modifying modelsim.ini
# Model Technology ModelSim DE-64 vcom 10.6c Compiler 2017.07 Jul 26 2017
# Start time: 23:35:32 on Jun 11,2024
# vcom -reportprogress 300 -2008 G:/github_project/FPGA-EDA/FIR/sim/../src/filter.vhd G:/github_project/FPGA-EDA/FIR/sim/../src/filter_tb.vhd 
# -- Loading package STANDARD
# -- Loading package TEXTIO
# -- Loading package std_logic_1164
# -- Loading package NUMERIC_STD
# -- Compiling entity filter
# -- Compiling architecture rtl of filter
# -- Loading package std_logic_arith
# -- Loading package STD_LOGIC_SIGNED
# -- Compiling entity filter_tb
# -- Compiling architecture bench of filter_tb
# -- Loading entity filter
# End time: 23:35:32 on Jun 11,2024, Elapsed time: 0:00:00
# Errors: 0, Warnings: 0
# filter_tb
# vsim -voptargs="+acc" work.filter_tb 
# Start time: 23:35:32 on Jun 11,2024
# //  ModelSim DE-64 10.6c Jul 26 2017
# //
# //  Copyright 1991-2017 Mentor Graphics Corporation
# //  All Rights Reserved.
# //
# //  ModelSim DE-64 and its associated documentation contain trade
# //  secrets and commercial or financial information that are the property of
# //  Mentor Graphics Corporation and are privileged, confidential,
# //  and exempt from disclosure under the Freedom of Information Act,
# //  5 U.S.C. Section 552. Furthermore, this information
# //  is prohibited from disclosure under the Trade Secrets Act,
# //  18 U.S.C. Section 1905.
# //
# Loading std.standard
# Loading std.textio(body)
# Loading ieee.std_logic_1164(body)
# Loading ieee.numeric_std(body)
# Loading ieee.std_logic_arith(body)
# Loading ieee.std_logic_signed(body)
# Loading work.filter_tb(bench)
# Loading work.filter(rtl)
# .main_pane.wave.interior.cs.body.pw.wf
# .main_pane.structure.interior.cs.body.struct
# .main_pane.objects.interior.cs.body.tree
# ** Note: open
#    Time: 0 ns  Iteration: 0  Instance: /filter_tb
# ** Note: wr_open
#    Time: 8 ns  Iteration: 0  Instance: /filter_tb
# ** Note: wr_begin
#    Time: 12 ns  Iteration: 0  Instance: /filter_tb
# ** Note: wr_begin
#    Time: 16 ns  Iteration: 0  Instance: /filter_tb
# ** Note: wr_begin
#    Time: 20 ns  Iteration: 0  Instance: /filter_tb
# ** Note: wr_begin
#    Time: 24 ns  Iteration: 0  Instance: /filter_tb
# ** Note: wr_begin
#    Time: 28 ns  Iteration: 0  Instance: /filter_tb
# ** Note: wr_begin
#    Time: 32 ns  Iteration: 0  Instance: /filter_tb
# ** Note: wr_begin
#    Time: 36 ns  Iteration: 0  Instance: /filter_tb
# ** Note: wr_begin
#    Time: 40 ns  Iteration: 0  Instance: /filter_tb
# ** Note: wr_begin
#    Time: 44 ns  Iteration: 0  Instance: /filter_tb
# ** Note: wr_begin
#    Time: 48 ns  Iteration: 0  Instance: /filter_tb
# ** Note: wr_begin
#    Time: 52 ns  Iteration: 0  Instance: /filter_tb
# ** Note: wr_begin
#    Time: 56 ns  Iteration: 0  Instance: /filter_tb
# ** Note: wr_begin
#    Time: 60 ns  Iteration: 0  Instance: /filter_tb
# ** Note: wr_begin
#    Time: 64 ns  Iteration: 0  Instance: /filter_tb
# ** Note: wr_begin
#    Time: 68 ns  Iteration: 0  Instance: /filter_tb
# ** Note: wr_begin
#    Time: 72 ns  Iteration: 0  Instance: /filter_tb
# ** Note: wr_begin
#    Time: 76 ns  Iteration: 0  Instance: /filter_tb
# ** Note: wr_begin
#    Time: 80 ns  Iteration: 0  Instance: /filter_tb
# ** Note: wr_begin
#    Time: 84 ns  Iteration: 0  Instance: /filter_tb
# ** Note: wr_begin
#    Time: 88 ns  Iteration: 0  Instance: /filter_tb
# ** Note: wr_begin
#    Time: 92 ns  Iteration: 0  Instance: /filter_tb
# ** Note: wr_begin
#    Time: 96 ns  Iteration: 0  Instance: /filter_tb
# ** Note: wr_begin
#    Time: 100 ns  Iteration: 0  Instance: /filter_tb
# ** Note: wr_begin
#    Time: 104 ns  Iteration: 0  Instance: /filter_tb
# ** Note: wr_begin
#    Time: 108 ns  Iteration: 0  Instance: /filter_tb
# ** Note: wr_begin
#    Time: 112 ns  Iteration: 0  Instance: /filter_tb
# ** Note: wr_begin
#    Time: 116 ns  Iteration: 0  Instance: /filter_tb
# ** Note: wr_begin
#    Time: 120 ns  Iteration: 0  Instance: /filter_tb
# ** Note: wr_begin
#    Time: 124 ns  Iteration: 0  Instance: /filter_tb
# ** Note: wr_begin
#    Time: 128 ns  Iteration: 0  Instance: /filter_tb
# ** Note: wr_begin
#    Time: 132 ns  Iteration: 0  Instance: /filter_tb
# ** Note: wr_begin
#    Time: 136 ns  Iteration: 0  Instance: /filter_tb
# ** Note: wr_begin
#    Time: 140 ns  Iteration: 0  Instance: /filter_tb
# ** Note: wr_begin
#    Time: 144 ns  Iteration: 0  Instance: /filter_tb
# ** Note: wr_begin
#    Time: 148 ns  Iteration: 0  Instance: /filter_tb
# ** Note: wr_begin
#    Time: 152 ns  Iteration: 0  Instance: /filter_tb
# ** Note: wr_begin
#    Time: 156 ns  Iteration: 0  Instance: /filter_tb
# ** Note: wr_begin
#    Time: 160 ns  Iteration: 0  Instance: /filter_tb
# ** Note: wr_begin
#    Time: 164 ns  Iteration: 0  Instance: /filter_tb
# ** Note: wr_begin
#    Time: 168 ns  Iteration: 0  Instance: /filter_tb
# ** Note: wr_begin
#    Time: 172 ns  Iteration: 0  Instance: /filter_tb
# ** Note: wr_begin
#    Time: 176 ns  Iteration: 0  Instance: /filter_tb
# ** Note: wr_begin
#    Time: 180 ns  Iteration: 0  Instance: /filter_tb
# ** Note: wr_begin
#    Time: 184 ns  Iteration: 0  Instance: /filter_tb
# ** Note: wr_begin
#    Time: 188 ns  Iteration: 0  Instance: /filter_tb
# ** Note: wr_begin
#    Time: 192 ns  Iteration: 0  Instance: /filter_tb
# ** Note: wr_begin
#    Time: 196 ns  Iteration: 0  Instance: /filter_tb
# ** Note: wr_begin
#    Time: 200 ns  Iteration: 0  Instance: /filter_tb
# ** Note: wr_begin
#    Time: 204 ns  Iteration: 0  Instance: /filter_tb
# ** Note: wr_begin
#    Time: 208 ns  Iteration: 0  Instance: /filter_tb
# ** Note: wr_begin
#    Time: 212 ns  Iteration: 0  Instance: /filter_tb
# ** Note: wr_begin
#    Time: 216 ns  Iteration: 0  Instance: /filter_tb
# ** Note: wr_begin
#    Time: 220 ns  Iteration: 0  Instance: /filter_tb
# ** Note: wr_begin
#    Time: 224 ns  Iteration: 0  Instance: /filter_tb
# ** Note: wr_begin
#    Time: 228 ns  Iteration: 0  Instance: /filter_tb
# ** Note: wr_begin
#    Time: 232 ns  Iteration: 0  Instance: /filter_tb
# ** Note: wr_begin
#    Time: 236 ns  Iteration: 0  Instance: /filter_tb
# ** Note: wr_begin
#    Time: 240 ns  Iteration: 0  Instance: /filter_tb
# ** Note: wr_begin
#    Time: 244 ns  Iteration: 0  Instance: /filter_tb
# ** Note: wr_begin
#    Time: 248 ns  Iteration: 0  Instance: /filter_tb
# ** Note: wr_begin
#    Time: 252 ns  Iteration: 0  Instance: /filter_tb
# ** Note: wr_begin
#    Time: 256 ns  Iteration: 0  Instance: /filter_tb
# ** Note: wr_begin
#    Time: 260 ns  Iteration: 0  Instance: /filter_tb
# ** Note: wr_begin
#    Time: 264 ns  Iteration: 0  Instance: /filter_tb
# ** Note: wr_begin
#    Time: 268 ns  Iteration: 0  Instance: /filter_tb
# ** Note: wr_begin
#    Time: 272 ns  Iteration: 0  Instance: /filter_tb
# ** Note: wr_begin
#    Time: 276 ns  Iteration: 0  Instance: /filter_tb
# ** Note: wr_begin
#    Time: 280 ns  Iteration: 0  Instance: /filter_tb
# ** Note: wr_begin
#    Time: 284 ns  Iteration: 0  Instance: /filter_tb
# ** Note: wr_begin
#    Time: 288 ns  Iteration: 0  Instance: /filter_tb
# ** Note: wr_begin
#    Time: 292 ns  Iteration: 0  Instance: /filter_tb
# ** Note: wr_begin
#    Time: 296 ns  Iteration: 0  Instance: /filter_tb
# ** Note: wr_begin
#    Time: 300 ns  Iteration: 0  Instance: /filter_tb
# ** Note: wr_begin
#    Time: 304 ns  Iteration: 0  Instance: /filter_tb
# ** Note: wr_begin
#    Time: 308 ns  Iteration: 0  Instance: /filter_tb
# ** Note: wr_begin
#    Time: 312 ns  Iteration: 0  Instance: /filter_tb
# ** Note: wr_begin
#    Time: 316 ns  Iteration: 0  Instance: /filter_tb
# ** Note: wr_begin
#    Time: 320 ns  Iteration: 0  Instance: /filter_tb
# ** Note: wr_begin
#    Time: 324 ns  Iteration: 0  Instance: /filter_tb
# ** Note: wr_begin
#    Time: 328 ns  Iteration: 0  Instance: /filter_tb
# ** Note: wr_begin
#    Time: 332 ns  Iteration: 0  Instance: /filter_tb
# ** Note: wr_begin
#    Time: 336 ns  Iteration: 0  Instance: /filter_tb
# ** Note: wr_begin
#    Time: 340 ns  Iteration: 0  Instance: /filter_tb
# ** Note: wr_begin
#    Time: 344 ns  Iteration: 0  Instance: /filter_tb
# ** Note: wr_begin
#    Time: 348 ns  Iteration: 0  Instance: /filter_tb
# ** Note: wr_begin
#    Time: 352 ns  Iteration: 0  Instance: /filter_tb
# ** Note: wr_begin
#    Time: 356 ns  Iteration: 0  Instance: /filter_tb
# ** Note: wr_begin
#    Time: 360 ns  Iteration: 0  Instance: /filter_tb
# ** Note: wr_begin
#    Time: 364 ns  Iteration: 0  Instance: /filter_tb
# ** Note: wr_begin
#    Time: 368 ns  Iteration: 0  Instance: /filter_tb
# ** Note: wr_begin
#    Time: 372 ns  Iteration: 0  Instance: /filter_tb
# ** Note: wr_begin
#    Time: 376 ns  Iteration: 0  Instance: /filter_tb
# ** Note: wr_begin
#    Time: 380 ns  Iteration: 0  Instance: /filter_tb
# ** Note: wr_begin
#    Time: 384 ns  Iteration: 0  Instance: /filter_tb
# ** Note: wr_begin
#    Time: 388 ns  Iteration: 0  Instance: /filter_tb
# ** Note: wr_begin
#    Time: 392 ns  Iteration: 0  Instance: /filter_tb
# ** Note: wr_begin
#    Time: 396 ns  Iteration: 0  Instance: /filter_tb
# ** Note: wr_begin
#    Time: 400 ns  Iteration: 0  Instance: /filter_tb
# ** Note: wr_begin
#    Time: 404 ns  Iteration: 0  Instance: /filter_tb
# ** Note: wr_begin
#    Time: 408 ns  Iteration: 0  Instance: /filter_tb
# ** Note: wr_begin
#    Time: 412 ns  Iteration: 0  Instance: /filter_tb
# ** Note: wr_begin
#    Time: 416 ns  Iteration: 0  Instance: /filter_tb
# ** Note: wr_begin
#    Time: 420 ns  Iteration: 0  Instance: /filter_tb
# ** Note: wr_begin
#    Time: 424 ns  Iteration: 0  Instance: /filter_tb
# ** Note: wr_begin
#    Time: 428 ns  Iteration: 0  Instance: /filter_tb
# ** Note: wr_begin
#    Time: 432 ns  Iteration: 0  Instance: /filter_tb
# ** Note: wr_begin
#    Time: 436 ns  Iteration: 0  Instance: /filter_tb
# ** Note: wr_begin
#    Time: 440 ns  Iteration: 0  Instance: /filter_tb
# ** Note: wr_begin
#    Time: 444 ns  Iteration: 0  Instance: /filter_tb
# ** Note: wr_begin
#    Time: 448 ns  Iteration: 0  Instance: /filter_tb
# ** Note: wr_begin
#    Time: 452 ns  Iteration: 0  Instance: /filter_tb
# ** Note: wr_begin
#    Time: 456 ns  Iteration: 0  Instance: /filter_tb
# ** Note: wr_begin
#    Time: 460 ns  Iteration: 0  Instance: /filter_tb
# ** Note: wr_begin
#    Time: 464 ns  Iteration: 0  Instance: /filter_tb
# ** Note: wr_begin
#    Time: 468 ns  Iteration: 0  Instance: /filter_tb
# ** Note: wr_begin
#    Time: 472 ns  Iteration: 0  Instance: /filter_tb
# ** Note: wr_begin
#    Time: 476 ns  Iteration: 0  Instance: /filter_tb
# ** Note: wr_begin
#    Time: 480 ns  Iteration: 0  Instance: /filter_tb
# ** Note: wr_begin
#    Time: 484 ns  Iteration: 0  Instance: /filter_tb
# ** Note: wr_begin
#    Time: 488 ns  Iteration: 0  Instance: /filter_tb
# ** Note: wr_begin
#    Time: 492 ns  Iteration: 0  Instance: /filter_tb
# ** Note: wr_begin
#    Time: 496 ns  Iteration: 0  Instance: /filter_tb
# ** Note: wr_begin
#    Time: 500 ns  Iteration: 0  Instance: /filter_tb
# ** Note: wr_begin
#    Time: 504 ns  Iteration: 0  Instance: /filter_tb
# ** Note: wr_begin
#    Time: 508 ns  Iteration: 0  Instance: /filter_tb
# ** Note: wr_begin
#    Time: 512 ns  Iteration: 0  Instance: /filter_tb
# ** Note: wr_begin
#    Time: 516 ns  Iteration: 0  Instance: /filter_tb
# ** Note: wr_begin
#    Time: 520 ns  Iteration: 0  Instance: /filter_tb
# ** Note: wr_begin
#    Time: 524 ns  Iteration: 0  Instance: /filter_tb
# ** Note: wr_begin
#    Time: 528 ns  Iteration: 0  Instance: /filter_tb
# ** Note: wr_begin
#    Time: 532 ns  Iteration: 0  Instance: /filter_tb
# ** Note: wr_begin
#    Time: 536 ns  Iteration: 0  Instance: /filter_tb
# ** Note: wr_begin
#    Time: 540 ns  Iteration: 0  Instance: /filter_tb
# ** Note: wr_begin
#    Time: 544 ns  Iteration: 0  Instance: /filter_tb
# ** Note: wr_begin
#    Time: 548 ns  Iteration: 0  Instance: /filter_tb
# ** Note: wr_begin
#    Time: 552 ns  Iteration: 0  Instance: /filter_tb
# ** Note: wr_begin
#    Time: 556 ns  Iteration: 0  Instance: /filter_tb
# ** Note: wr_begin
#    Time: 560 ns  Iteration: 0  Instance: /filter_tb
# ** Note: wr_begin
#    Time: 564 ns  Iteration: 0  Instance: /filter_tb
# ** Note: wr_begin
#    Time: 568 ns  Iteration: 0  Instance: /filter_tb
# ** Note: wr_begin
#    Time: 572 ns  Iteration: 0  Instance: /filter_tb
# ** Note: wr_begin
#    Time: 576 ns  Iteration: 0  Instance: /filter_tb
# ** Note: wr_begin
#    Time: 580 ns  Iteration: 0  Instance: /filter_tb
# ** Note: wr_begin
#    Time: 584 ns  Iteration: 0  Instance: /filter_tb
# ** Note: wr_begin
#    Time: 588 ns  Iteration: 0  Instance: /filter_tb
# ** Note: wr_begin
#    Time: 592 ns  Iteration: 0  Instance: /filter_tb
# ** Note: wr_begin
#    Time: 596 ns  Iteration: 0  Instance: /filter_tb
# ** Note: wr_begin
#    Time: 600 ns  Iteration: 0  Instance: /filter_tb
# ** Note: wr_begin
#    Time: 604 ns  Iteration: 0  Instance: /filter_tb
# ** Note: wr_begin
#    Time: 608 ns  Iteration: 0  Instance: /filter_tb
# ** Note: wr_begin
#    Time: 612 ns  Iteration: 0  Instance: /filter_tb
# ** Note: wr_begin
#    Time: 616 ns  Iteration: 0  Instance: /filter_tb
# ** Note: wr_begin
#    Time: 620 ns  Iteration: 0  Instance: /filter_tb
# ** Note: wr_begin
#    Time: 624 ns  Iteration: 0  Instance: /filter_tb
# ** Note: wr_begin
#    Time: 628 ns  Iteration: 0  Instance: /filter_tb
# ** Note: wr_begin
#    Time: 632 ns  Iteration: 0  Instance: /filter_tb
# ** Note: wr_begin
#    Time: 636 ns  Iteration: 0  Instance: /filter_tb
# ** Note: wr_begin
#    Time: 640 ns  Iteration: 0  Instance: /filter_tb
# ** Note: wr_begin
#    Time: 644 ns  Iteration: 0  Instance: /filter_tb
# ** Note: wr_begin
#    Time: 648 ns  Iteration: 0  Instance: /filter_tb
# ** Note: wr_begin
#    Time: 652 ns  Iteration: 0  Instance: /filter_tb
# ** Note: wr_begin
#    Time: 656 ns  Iteration: 0  Instance: /filter_tb
# ** Note: wr_begin
#    Time: 660 ns  Iteration: 0  Instance: /filter_tb
# ** Note: wr_begin
#    Time: 664 ns  Iteration: 0  Instance: /filter_tb
# ** Note: wr_begin
#    Time: 668 ns  Iteration: 0  Instance: /filter_tb
# ** Note: wr_begin
#    Time: 672 ns  Iteration: 0  Instance: /filter_tb
# ** Note: wr_begin
#    Time: 676 ns  Iteration: 0  Instance: /filter_tb
# ** Note: wr_begin
#    Time: 680 ns  Iteration: 0  Instance: /filter_tb
# ** Note: wr_begin
#    Time: 684 ns  Iteration: 0  Instance: /filter_tb
# ** Note: wr_begin
#    Time: 688 ns  Iteration: 0  Instance: /filter_tb
# ** Note: wr_begin
#    Time: 692 ns  Iteration: 0  Instance: /filter_tb
# ** Note: wr_begin
#    Time: 696 ns  Iteration: 0  Instance: /filter_tb
# ** Note: wr_begin
#    Time: 700 ns  Iteration: 0  Instance: /filter_tb
# ** Note: wr_begin
#    Time: 704 ns  Iteration: 0  Instance: /filter_tb
# ** Note: wr_begin
#    Time: 708 ns  Iteration: 0  Instance: /filter_tb
# ** Note: wr_begin
#    Time: 712 ns  Iteration: 0  Instance: /filter_tb
# ** Note: wr_begin
#    Time: 716 ns  Iteration: 0  Instance: /filter_tb
# ** Note: wr_begin
#    Time: 720 ns  Iteration: 0  Instance: /filter_tb
# ** Note: wr_begin
#    Time: 724 ns  Iteration: 0  Instance: /filter_tb
# ** Note: wr_begin
#    Time: 728 ns  Iteration: 0  Instance: /filter_tb
# ** Note: wr_begin
#    Time: 732 ns  Iteration: 0  Instance: /filter_tb
# ** Note: wr_begin
#    Time: 736 ns  Iteration: 0  Instance: /filter_tb
# ** Note: wr_begin
#    Time: 740 ns  Iteration: 0  Instance: /filter_tb
# ** Note: wr_begin
#    Time: 744 ns  Iteration: 0  Instance: /filter_tb
# ** Note: wr_begin
#    Time: 748 ns  Iteration: 0  Instance: /filter_tb
# ** Note: wr_begin
#    Time: 752 ns  Iteration: 0  Instance: /filter_tb
# ** Note: wr_begin
#    Time: 756 ns  Iteration: 0  Instance: /filter_tb
# ** Note: wr_begin
#    Time: 760 ns  Iteration: 0  Instance: /filter_tb
# ** Note: wr_begin
#    Time: 764 ns  Iteration: 0  Instance: /filter_tb
# ** Note: wr_begin
#    Time: 768 ns  Iteration: 0  Instance: /filter_tb
# ** Note: wr_begin
#    Time: 772 ns  Iteration: 0  Instance: /filter_tb
# ** Note: wr_begin
#    Time: 776 ns  Iteration: 0  Instance: /filter_tb
# ** Note: wr_begin
#    Time: 780 ns  Iteration: 0  Instance: /filter_tb
# ** Note: wr_begin
#    Time: 784 ns  Iteration: 0  Instance: /filter_tb
# ** Note: wr_begin
#    Time: 788 ns  Iteration: 0  Instance: /filter_tb
# ** Note: wr_begin
#    Time: 792 ns  Iteration: 0  Instance: /filter_tb
# ** Note: wr_begin
#    Time: 796 ns  Iteration: 0  Instance: /filter_tb
# ** Note: wr_begin
#    Time: 800 ns  Iteration: 0  Instance: /filter_tb
# ** Note: wr_begin
#    Time: 804 ns  Iteration: 0  Instance: /filter_tb
# ** Note: wr_begin
#    Time: 808 ns  Iteration: 0  Instance: /filter_tb
# ** Note: wr_begin
#    Time: 812 ns  Iteration: 0  Instance: /filter_tb
# ** Note: wr_begin
#    Time: 816 ns  Iteration: 0  Instance: /filter_tb
# ** Note: wr_begin
#    Time: 820 ns  Iteration: 0  Instance: /filter_tb
# ** Note: wr_begin
#    Time: 824 ns  Iteration: 0  Instance: /filter_tb
# ** Note: wr_begin
#    Time: 828 ns  Iteration: 0  Instance: /filter_tb
# ** Note: wr_begin
#    Time: 832 ns  Iteration: 0  Instance: /filter_tb
# ** Note: wr_begin
#    Time: 836 ns  Iteration: 0  Instance: /filter_tb
# ** Note: wr_begin
#    Time: 840 ns  Iteration: 0  Instance: /filter_tb
# ** Note: wr_begin
#    Time: 844 ns  Iteration: 0  Instance: /filter_tb
# ** Note: wr_begin
#    Time: 848 ns  Iteration: 0  Instance: /filter_tb
# ** Note: wr_begin
#    Time: 852 ns  Iteration: 0  Instance: /filter_tb
# ** Note: wr_begin
#    Time: 856 ns  Iteration: 0  Instance: /filter_tb
# ** Note: wr_begin
#    Time: 860 ns  Iteration: 0  Instance: /filter_tb
# ** Note: wr_begin
#    Time: 864 ns  Iteration: 0  Instance: /filter_tb
# ** Note: wr_begin
#    Time: 868 ns  Iteration: 0  Instance: /filter_tb
# ** Note: wr_begin
#    Time: 872 ns  Iteration: 0  Instance: /filter_tb
# ** Note: wr_begin
#    Time: 876 ns  Iteration: 0  Instance: /filter_tb
# ** Note: wr_begin
#    Time: 880 ns  Iteration: 0  Instance: /filter_tb
# ** Note: wr_begin
#    Time: 884 ns  Iteration: 0  Instance: /filter_tb
# ** Note: wr_begin
#    Time: 888 ns  Iteration: 0  Instance: /filter_tb
# ** Note: wr_begin
#    Time: 892 ns  Iteration: 0  Instance: /filter_tb
# ** Note: wr_begin
#    Time: 896 ns  Iteration: 0  Instance: /filter_tb
# ** Note: wr_begin
#    Time: 900 ns  Iteration: 0  Instance: /filter_tb
# ** Note: wr_begin
#    Time: 904 ns  Iteration: 0  Instance: /filter_tb
# ** Note: wr_begin
#    Time: 908 ns  Iteration: 0  Instance: /filter_tb
# ** Note: wr_begin
#    Time: 912 ns  Iteration: 0  Instance: /filter_tb
# ** Note: wr_begin
#    Time: 916 ns  Iteration: 0  Instance: /filter_tb
# ** Note: wr_begin
#    Time: 920 ns  Iteration: 0  Instance: /filter_tb
# ** Note: wr_begin
#    Time: 924 ns  Iteration: 0  Instance: /filter_tb
# ** Note: wr_begin
#    Time: 928 ns  Iteration: 0  Instance: /filter_tb
# ** Note: wr_begin
#    Time: 932 ns  Iteration: 0  Instance: /filter_tb
# ** Note: wr_begin
#    Time: 936 ns  Iteration: 0  Instance: /filter_tb
# ** Note: wr_begin
#    Time: 940 ns  Iteration: 0  Instance: /filter_tb
# ** Note: wr_begin
#    Time: 944 ns  Iteration: 0  Instance: /filter_tb
# ** Note: wr_begin
#    Time: 948 ns  Iteration: 0  Instance: /filter_tb
# ** Note: wr_begin
#    Time: 952 ns  Iteration: 0  Instance: /filter_tb
# ** Note: wr_begin
#    Time: 956 ns  Iteration: 0  Instance: /filter_tb
# ** Note: wr_begin
#    Time: 960 ns  Iteration: 0  Instance: /filter_tb
# ** Note: wr_begin
#    Time: 964 ns  Iteration: 0  Instance: /filter_tb
# ** Note: wr_begin
#    Time: 968 ns  Iteration: 0  Instance: /filter_tb
# ** Note: wr_begin
#    Time: 972 ns  Iteration: 0  Instance: /filter_tb
# ** Note: wr_begin
#    Time: 976 ns  Iteration: 0  Instance: /filter_tb
# ** Note: wr_begin
#    Time: 980 ns  Iteration: 0  Instance: /filter_tb
# ** Note: wr_begin
#    Time: 984 ns  Iteration: 0  Instance: /filter_tb
# ** Note: wr_begin
#    Time: 988 ns  Iteration: 0  Instance: /filter_tb
# ** Note: wr_begin
#    Time: 992 ns  Iteration: 0  Instance: /filter_tb
# ** Note: wr_begin
#    Time: 996 ns  Iteration: 0  Instance: /filter_tb
# ** Note: wr_begin
#    Time: 1 us  Iteration: 0  Instance: /filter_tb
# ** Note: wr_begin
#    Time: 1004 ns  Iteration: 0  Instance: /filter_tb
# ** Note: wr_begin
#    Time: 1008 ns  Iteration: 0  Instance: /filter_tb
# ** Note: wr_begin
#    Time: 1012 ns  Iteration: 0  Instance: /filter_tb
# ** Note: wr_begin
#    Time: 1016 ns  Iteration: 0  Instance: /filter_tb
# ** Note: wr_begin
#    Time: 1020 ns  Iteration: 0  Instance: /filter_tb
# ** Note: wr_begin
#    Time: 1024 ns  Iteration: 0  Instance: /filter_tb
# ** Note: wr_begin
#    Time: 1028 ns  Iteration: 0  Instance: /filter_tb
# ** Note: wr_begin
#    Time: 1032 ns  Iteration: 0  Instance: /filter_tb
# ** Note: wr_begin
#    Time: 1036 ns  Iteration: 0  Instance: /filter_tb
# ** Note: wr_begin
#    Time: 1040 ns  Iteration: 0  Instance: /filter_tb
# ** Note: wr_begin
#    Time: 1044 ns  Iteration: 0  Instance: /filter_tb
# ** Note: wr_begin
#    Time: 1048 ns  Iteration: 0  Instance: /filter_tb
# ** Note: wr_begin
#    Time: 1052 ns  Iteration: 0  Instance: /filter_tb
# ** Note: wr_begin
#    Time: 1056 ns  Iteration: 0  Instance: /filter_tb
# ** Note: wr_begin
#    Time: 1060 ns  Iteration: 0  Instance: /filter_tb
# ** Note: wr_begin
#    Time: 1064 ns  Iteration: 0  Instance: /filter_tb
# ** Note: wr_begin
#    Time: 1068 ns  Iteration: 0  Instance: /filter_tb
# ** Note: wr_begin
#    Time: 1072 ns  Iteration: 0  Instance: /filter_tb
# ** Note: wr_begin
#    Time: 1076 ns  Iteration: 0  Instance: /filter_tb
# ** Note: wr_begin
#    Time: 1080 ns  Iteration: 0  Instance: /filter_tb
# ** Note: wr_begin
#    Time: 1084 ns  Iteration: 0  Instance: /filter_tb
# ** Note: wr_begin
#    Time: 1088 ns  Iteration: 0  Instance: /filter_tb
# ** Note: wr_begin
#    Time: 1092 ns  Iteration: 0  Instance: /filter_tb
# ** Note: wr_begin
#    Time: 1096 ns  Iteration: 0  Instance: /filter_tb
# ** Note: wr_begin
#    Time: 1100 ns  Iteration: 0  Instance: /filter_tb
# ** Note: wr_begin
#    Time: 1104 ns  Iteration: 0  Instance: /filter_tb
# ** Note: wr_begin
#    Time: 1108 ns  Iteration: 0  Instance: /filter_tb
# ** Note: wr_begin
#    Time: 1112 ns  Iteration: 0  Instance: /filter_tb
# ** Note: wr_begin
#    Time: 1116 ns  Iteration: 0  Instance: /filter_tb
# ** Note: wr_begin
#    Time: 1120 ns  Iteration: 0  Instance: /filter_tb
# ** Note: wr_begin
#    Time: 1124 ns  Iteration: 0  Instance: /filter_tb
# ** Note: wr_begin
#    Time: 1128 ns  Iteration: 0  Instance: /filter_tb
# ** Note: wr_begin
#    Time: 1132 ns  Iteration: 0  Instance: /filter_tb
# ** Note: wr_begin
#    Time: 1136 ns  Iteration: 0  Instance: /filter_tb
# ** Note: wr_begin
#    Time: 1140 ns  Iteration: 0  Instance: /filter_tb
# ** Note: wr_begin
#    Time: 1144 ns  Iteration: 0  Instance: /filter_tb
# ** Note: wr_begin
#    Time: 1148 ns  Iteration: 0  Instance: /filter_tb
# ** Note: wr_begin
#    Time: 1152 ns  Iteration: 0  Instance: /filter_tb
# ** Note: wr_begin
#    Time: 1156 ns  Iteration: 0  Instance: /filter_tb
# ** Note: wr_begin
#    Time: 1160 ns  Iteration: 0  Instance: /filter_tb
# ** Note: wr_begin
#    Time: 1164 ns  Iteration: 0  Instance: /filter_tb
# ** Note: wr_begin
#    Time: 1168 ns  Iteration: 0  Instance: /filter_tb
# ** Note: wr_begin
#    Time: 1172 ns  Iteration: 0  Instance: /filter_tb
# ** Note: wr_begin
#    Time: 1176 ns  Iteration: 0  Instance: /filter_tb
# ** Note: wr_begin
#    Time: 1180 ns  Iteration: 0  Instance: /filter_tb
# ** Note: wr_begin
#    Time: 1184 ns  Iteration: 0  Instance: /filter_tb
# ** Note: wr_begin
#    Time: 1188 ns  Iteration: 0  Instance: /filter_tb
# ** Note: wr_begin
#    Time: 1192 ns  Iteration: 0  Instance: /filter_tb
# ** Note: wr_begin
#    Time: 1196 ns  Iteration: 0  Instance: /filter_tb
# ** Note: wr_begin
#    Time: 1200 ns  Iteration: 0  Instance: /filter_tb
# ** Note: wr_begin
#    Time: 1204 ns  Iteration: 0  Instance: /filter_tb
# ** Note: wr_begin
#    Time: 1208 ns  Iteration: 0  Instance: /filter_tb
# ** Note: wr_begin
#    Time: 1212 ns  Iteration: 0  Instance: /filter_tb
# ** Note: wr_begin
#    Time: 1216 ns  Iteration: 0  Instance: /filter_tb
# ** Note: wr_begin
#    Time: 1220 ns  Iteration: 0  Instance: /filter_tb
# ** Note: wr_begin
#    Time: 1224 ns  Iteration: 0  Instance: /filter_tb
# ** Note: wr_begin
#    Time: 1228 ns  Iteration: 0  Instance: /filter_tb
# ** Note: wr_begin
#    Time: 1232 ns  Iteration: 0  Instance: /filter_tb
# ** Note: wr_begin
#    Time: 1236 ns  Iteration: 0  Instance: /filter_tb
# ** Note: wr_begin
#    Time: 1240 ns  Iteration: 0  Instance: /filter_tb
# ** Note: wr_begin
#    Time: 1244 ns  Iteration: 0  Instance: /filter_tb
# ** Note: wr_begin
#    Time: 1248 ns  Iteration: 0  Instance: /filter_tb
# ** Note: wr_begin
#    Time: 1252 ns  Iteration: 0  Instance: /filter_tb
# ** Note: wr_begin
#    Time: 1256 ns  Iteration: 0  Instance: /filter_tb
# ** Note: wr_begin
#    Time: 1260 ns  Iteration: 0  Instance: /filter_tb
# ** Note: wr_begin
#    Time: 1264 ns  Iteration: 0  Instance: /filter_tb
# ** Note: wr_begin
#    Time: 1268 ns  Iteration: 0  Instance: /filter_tb
# ** Note: wr_begin
#    Time: 1272 ns  Iteration: 0  Instance: /filter_tb
# ** Note: wr_begin
#    Time: 1276 ns  Iteration: 0  Instance: /filter_tb
# ** Note: wr_begin
#    Time: 1280 ns  Iteration: 0  Instance: /filter_tb
# ** Note: wr_begin
#    Time: 1284 ns  Iteration: 0  Instance: /filter_tb
# ** Note: wr_begin
#    Time: 1288 ns  Iteration: 0  Instance: /filter_tb
# ** Note: wr_begin
#    Time: 1292 ns  Iteration: 0  Instance: /filter_tb
# ** Note: wr_begin
#    Time: 1296 ns  Iteration: 0  Instance: /filter_tb
# ** Note: wr_begin
#    Time: 1300 ns  Iteration: 0  Instance: /filter_tb
# ** Note: wr_begin
#    Time: 1304 ns  Iteration: 0  Instance: /filter_tb
# ** Note: wr_begin
#    Time: 1308 ns  Iteration: 0  Instance: /filter_tb
# ** Note: wr_begin
#    Time: 1312 ns  Iteration: 0  Instance: /filter_tb
# ** Note: wr_begin
#    Time: 1316 ns  Iteration: 0  Instance: /filter_tb
# ** Note: wr_begin
#    Time: 1320 ns  Iteration: 0  Instance: /filter_tb
# ** Note: wr_begin
#    Time: 1324 ns  Iteration: 0  Instance: /filter_tb
# ** Note: wr_begin
#    Time: 1328 ns  Iteration: 0  Instance: /filter_tb
# ** Note: wr_begin
#    Time: 1332 ns  Iteration: 0  Instance: /filter_tb
# ** Note: wr_begin
#    Time: 1336 ns  Iteration: 0  Instance: /filter_tb
# ** Note: wr_begin
#    Time: 1340 ns  Iteration: 0  Instance: /filter_tb
# ** Note: wr_begin
#    Time: 1344 ns  Iteration: 0  Instance: /filter_tb
# ** Note: wr_begin
#    Time: 1348 ns  Iteration: 0  Instance: /filter_tb
# ** Note: wr_begin
#    Time: 1352 ns  Iteration: 0  Instance: /filter_tb
# ** Note: wr_begin
#    Time: 1356 ns  Iteration: 0  Instance: /filter_tb
# ** Note: wr_begin
#    Time: 1360 ns  Iteration: 0  Instance: /filter_tb
# ** Note: wr_begin
#    Time: 1364 ns  Iteration: 0  Instance: /filter_tb
# ** Note: wr_begin
#    Time: 1368 ns  Iteration: 0  Instance: /filter_tb
# ** Note: wr_begin
#    Time: 1372 ns  Iteration: 0  Instance: /filter_tb
# ** Note: wr_begin
#    Time: 1376 ns  Iteration: 0  Instance: /filter_tb
# ** Note: wr_begin
#    Time: 1380 ns  Iteration: 0  Instance: /filter_tb
# ** Note: wr_begin
#    Time: 1384 ns  Iteration: 0  Instance: /filter_tb
# ** Note: wr_begin
#    Time: 1388 ns  Iteration: 0  Instance: /filter_tb
# ** Note: wr_begin
#    Time: 1392 ns  Iteration: 0  Instance: /filter_tb
# ** Note: wr_begin
#    Time: 1396 ns  Iteration: 0  Instance: /filter_tb
# ** Note: wr_begin
#    Time: 1400 ns  Iteration: 0  Instance: /filter_tb
# ** Note: wr_begin
#    Time: 1404 ns  Iteration: 0  Instance: /filter_tb
# ** Note: wr_begin
#    Time: 1408 ns  Iteration: 0  Instance: /filter_tb
# ** Note: wr_begin
#    Time: 1412 ns  Iteration: 0  Instance: /filter_tb
# ** Note: wr_begin
#    Time: 1416 ns  Iteration: 0  Instance: /filter_tb
# ** Note: wr_begin
#    Time: 1420 ns  Iteration: 0  Instance: /filter_tb
# ** Note: wr_begin
#    Time: 1424 ns  Iteration: 0  Instance: /filter_tb
# ** Note: wr_begin
#    Time: 1428 ns  Iteration: 0  Instance: /filter_tb
# ** Note: wr_begin
#    Time: 1432 ns  Iteration: 0  Instance: /filter_tb
# ** Note: wr_begin
#    Time: 1436 ns  Iteration: 0  Instance: /filter_tb
# ** Note: wr_begin
#    Time: 1440 ns  Iteration: 0  Instance: /filter_tb
# ** Note: wr_begin
#    Time: 1444 ns  Iteration: 0  Instance: /filter_tb
# ** Note: wr_begin
#    Time: 1448 ns  Iteration: 0  Instance: /filter_tb
# ** Note: wr_begin
#    Time: 1452 ns  Iteration: 0  Instance: /filter_tb
# ** Note: wr_begin
#    Time: 1456 ns  Iteration: 0  Instance: /filter_tb
# ** Note: wr_begin
#    Time: 1460 ns  Iteration: 0  Instance: /filter_tb
# ** Note: wr_begin
#    Time: 1464 ns  Iteration: 0  Instance: /filter_tb
# ** Note: wr_begin
#    Time: 1468 ns  Iteration: 0  Instance: /filter_tb
# ** Note: wr_begin
#    Time: 1472 ns  Iteration: 0  Instance: /filter_tb
# ** Note: wr_begin
#    Time: 1476 ns  Iteration: 0  Instance: /filter_tb
# ** Note: wr_begin
#    Time: 1480 ns  Iteration: 0  Instance: /filter_tb
# ** Note: wr_begin
#    Time: 1484 ns  Iteration: 0  Instance: /filter_tb
# ** Note: wr_begin
#    Time: 1488 ns  Iteration: 0  Instance: /filter_tb
# ** Note: wr_begin
#    Time: 1492 ns  Iteration: 0  Instance: /filter_tb
# ** Note: wr_begin
#    Time: 1496 ns  Iteration: 0  Instance: /filter_tb
# ** Note: wr_begin
#    Time: 1500 ns  Iteration: 0  Instance: /filter_tb
# ** Note: wr_begin
#    Time: 1504 ns  Iteration: 0  Instance: /filter_tb
# ** Note: wr_begin
#    Time: 1508 ns  Iteration: 0  Instance: /filter_tb
# ** Note: wr_begin
#    Time: 1512 ns  Iteration: 0  Instance: /filter_tb
# ** Note: wr_begin
#    Time: 1516 ns  Iteration: 0  Instance: /filter_tb
# ** Note: wr_begin
#    Time: 1520 ns  Iteration: 0  Instance: /filter_tb
# ** Note: wr_begin
#    Time: 1524 ns  Iteration: 0  Instance: /filter_tb
# ** Note: wr_begin
#    Time: 1528 ns  Iteration: 0  Instance: /filter_tb
# ** Note: wr_begin
#    Time: 1532 ns  Iteration: 0  Instance: /filter_tb
# ** Note: wr_begin
#    Time: 1536 ns  Iteration: 0  Instance: /filter_tb
# ** Note: wr_begin
#    Time: 1540 ns  Iteration: 0  Instance: /filter_tb
# ** Note: wr_begin
#    Time: 1544 ns  Iteration: 0  Instance: /filter_tb
# ** Note: wr_begin
#    Time: 1548 ns  Iteration: 0  Instance: /filter_tb
# ** Note: wr_begin
#    Time: 1552 ns  Iteration: 0  Instance: /filter_tb
# ** Note: wr_begin
#    Time: 1556 ns  Iteration: 0  Instance: /filter_tb
# ** Note: wr_begin
#    Time: 1560 ns  Iteration: 0  Instance: /filter_tb
# ** Note: wr_begin
#    Time: 1564 ns  Iteration: 0  Instance: /filter_tb
# ** Note: wr_begin
#    Time: 1568 ns  Iteration: 0  Instance: /filter_tb
# ** Note: wr_begin
#    Time: 1572 ns  Iteration: 0  Instance: /filter_tb
# ** Note: wr_begin
#    Time: 1576 ns  Iteration: 0  Instance: /filter_tb
# ** Note: wr_begin
#    Time: 1580 ns  Iteration: 0  Instance: /filter_tb
# ** Note: wr_begin
#    Time: 1584 ns  Iteration: 0  Instance: /filter_tb
# ** Note: wr_begin
#    Time: 1588 ns  Iteration: 0  Instance: /filter_tb
# ** Note: wr_begin
#    Time: 1592 ns  Iteration: 0  Instance: /filter_tb
# ** Note: wr_begin
#    Time: 1596 ns  Iteration: 0  Instance: /filter_tb
# ** Note: wr_begin
#    Time: 1600 ns  Iteration: 0  Instance: /filter_tb
# ** Note: wr_begin
#    Time: 1604 ns  Iteration: 0  Instance: /filter_tb
# ** Note: wr_begin
#    Time: 1608 ns  Iteration: 0  Instance: /filter_tb
# ** Note: wr_begin
#    Time: 1612 ns  Iteration: 0  Instance: /filter_tb
# ** Note: wr_begin
#    Time: 1616 ns  Iteration: 0  Instance: /filter_tb
# ** Note: wr_begin
#    Time: 1620 ns  Iteration: 0  Instance: /filter_tb
# ** Note: wr_begin
#    Time: 1624 ns  Iteration: 0  Instance: /filter_tb
# ** Note: wr_begin
#    Time: 1628 ns  Iteration: 0  Instance: /filter_tb
# ** Note: wr_begin
#    Time: 1632 ns  Iteration: 0  Instance: /filter_tb
# ** Note: wr_begin
#    Time: 1636 ns  Iteration: 0  Instance: /filter_tb
# ** Note: wr_begin
#    Time: 1640 ns  Iteration: 0  Instance: /filter_tb
# ** Note: wr_begin
#    Time: 1644 ns  Iteration: 0  Instance: /filter_tb
# ** Note: wr_begin
#    Time: 1648 ns  Iteration: 0  Instance: /filter_tb
# ** Note: wr_begin
#    Time: 1652 ns  Iteration: 0  Instance: /filter_tb
# ** Note: wr_begin
#    Time: 1656 ns  Iteration: 0  Instance: /filter_tb
# ** Note: wr_begin
#    Time: 1660 ns  Iteration: 0  Instance: /filter_tb
# ** Note: wr_begin
#    Time: 1664 ns  Iteration: 0  Instance: /filter_tb
# ** Note: wr_begin
#    Time: 1668 ns  Iteration: 0  Instance: /filter_tb
# ** Note: wr_begin
#    Time: 1672 ns  Iteration: 0  Instance: /filter_tb
# ** Note: wr_begin
#    Time: 1676 ns  Iteration: 0  Instance: /filter_tb
# ** Note: wr_begin
#    Time: 1680 ns  Iteration: 0  Instance: /filter_tb
# ** Note: wr_begin
#    Time: 1684 ns  Iteration: 0  Instance: /filter_tb
# ** Note: wr_begin
#    Time: 1688 ns  Iteration: 0  Instance: /filter_tb
# ** Note: wr_begin
#    Time: 1692 ns  Iteration: 0  Instance: /filter_tb
# ** Note: wr_begin
#    Time: 1696 ns  Iteration: 0  Instance: /filter_tb
# ** Note: wr_begin
#    Time: 1700 ns  Iteration: 0  Instance: /filter_tb
# ** Note: wr_begin
#    Time: 1704 ns  Iteration: 0  Instance: /filter_tb
# ** Note: wr_begin
#    Time: 1708 ns  Iteration: 0  Instance: /filter_tb
# ** Note: wr_begin
#    Time: 1712 ns  Iteration: 0  Instance: /filter_tb
# ** Note: wr_begin
#    Time: 1716 ns  Iteration: 0  Instance: /filter_tb
# ** Note: wr_begin
#    Time: 1720 ns  Iteration: 0  Instance: /filter_tb
# ** Note: wr_begin
#    Time: 1724 ns  Iteration: 0  Instance: /filter_tb
# ** Note: wr_begin
#    Time: 1728 ns  Iteration: 0  Instance: /filter_tb
# ** Note: wr_begin
#    Time: 1732 ns  Iteration: 0  Instance: /filter_tb
# ** Note: wr_begin
#    Time: 1736 ns  Iteration: 0  Instance: /filter_tb
# ** Note: wr_begin
#    Time: 1740 ns  Iteration: 0  Instance: /filter_tb
# ** Note: wr_begin
#    Time: 1744 ns  Iteration: 0  Instance: /filter_tb
# ** Note: wr_begin
#    Time: 1748 ns  Iteration: 0  Instance: /filter_tb
# ** Note: wr_begin
#    Time: 1752 ns  Iteration: 0  Instance: /filter_tb
# ** Note: wr_begin
#    Time: 1756 ns  Iteration: 0  Instance: /filter_tb
# ** Note: wr_begin
#    Time: 1760 ns  Iteration: 0  Instance: /filter_tb
# ** Note: wr_begin
#    Time: 1764 ns  Iteration: 0  Instance: /filter_tb
# ** Note: wr_begin
#    Time: 1768 ns  Iteration: 0  Instance: /filter_tb
# ** Note: wr_begin
#    Time: 1772 ns  Iteration: 0  Instance: /filter_tb
# ** Note: wr_begin
#    Time: 1776 ns  Iteration: 0  Instance: /filter_tb
# ** Note: wr_begin
#    Time: 1780 ns  Iteration: 0  Instance: /filter_tb
# ** Note: wr_begin
#    Time: 1784 ns  Iteration: 0  Instance: /filter_tb
# ** Note: wr_begin
#    Time: 1788 ns  Iteration: 0  Instance: /filter_tb
# ** Note: wr_begin
#    Time: 1792 ns  Iteration: 0  Instance: /filter_tb
# ** Note: wr_begin
#    Time: 1796 ns  Iteration: 0  Instance: /filter_tb
# ** Note: wr_begin
#    Time: 1800 ns  Iteration: 0  Instance: /filter_tb
# ** Note: wr_begin
#    Time: 1804 ns  Iteration: 0  Instance: /filter_tb
# ** Note: wr_begin
#    Time: 1808 ns  Iteration: 0  Instance: /filter_tb
# ** Note: wr_begin
#    Time: 1812 ns  Iteration: 0  Instance: /filter_tb
# ** Note: wr_begin
#    Time: 1816 ns  Iteration: 0  Instance: /filter_tb
# ** Note: wr_begin
#    Time: 1820 ns  Iteration: 0  Instance: /filter_tb
# ** Note: wr_begin
#    Time: 1824 ns  Iteration: 0  Instance: /filter_tb
# ** Note: wr_begin
#    Time: 1828 ns  Iteration: 0  Instance: /filter_tb
# ** Note: wr_begin
#    Time: 1832 ns  Iteration: 0  Instance: /filter_tb
# ** Note: wr_begin
#    Time: 1836 ns  Iteration: 0  Instance: /filter_tb
# ** Note: wr_begin
#    Time: 1840 ns  Iteration: 0  Instance: /filter_tb
# ** Note: wr_begin
#    Time: 1844 ns  Iteration: 0  Instance: /filter_tb
# ** Note: wr_begin
#    Time: 1848 ns  Iteration: 0  Instance: /filter_tb
# ** Note: wr_begin
#    Time: 1852 ns  Iteration: 0  Instance: /filter_tb
# ** Note: wr_begin
#    Time: 1856 ns  Iteration: 0  Instance: /filter_tb
# ** Note: wr_begin
#    Time: 1860 ns  Iteration: 0  Instance: /filter_tb
# ** Note: wr_begin
#    Time: 1864 ns  Iteration: 0  Instance: /filter_tb
# ** Note: wr_begin
#    Time: 1868 ns  Iteration: 0  Instance: /filter_tb
# ** Note: wr_begin
#    Time: 1872 ns  Iteration: 0  Instance: /filter_tb
# ** Note: wr_begin
#    Time: 1876 ns  Iteration: 0  Instance: /filter_tb
# ** Note: wr_begin
#    Time: 1880 ns  Iteration: 0  Instance: /filter_tb
# ** Note: wr_begin
#    Time: 1884 ns  Iteration: 0  Instance: /filter_tb
# ** Note: wr_begin
#    Time: 1888 ns  Iteration: 0  Instance: /filter_tb
# ** Note: wr_begin
#    Time: 1892 ns  Iteration: 0  Instance: /filter_tb
# ** Note: wr_begin
#    Time: 1896 ns  Iteration: 0  Instance: /filter_tb
# ** Note: wr_begin
#    Time: 1900 ns  Iteration: 0  Instance: /filter_tb
# ** Note: wr_begin
#    Time: 1904 ns  Iteration: 0  Instance: /filter_tb
# ** Note: wr_begin
#    Time: 1908 ns  Iteration: 0  Instance: /filter_tb
# ** Note: wr_begin
#    Time: 1912 ns  Iteration: 0  Instance: /filter_tb
# ** Note: wr_begin
#    Time: 1916 ns  Iteration: 0  Instance: /filter_tb
# ** Note: wr_begin
#    Time: 1920 ns  Iteration: 0  Instance: /filter_tb
# ** Note: wr_begin
#    Time: 1924 ns  Iteration: 0  Instance: /filter_tb
# ** Note: wr_begin
#    Time: 1928 ns  Iteration: 0  Instance: /filter_tb
# ** Note: wr_begin
#    Time: 1932 ns  Iteration: 0  Instance: /filter_tb
# ** Note: wr_begin
#    Time: 1936 ns  Iteration: 0  Instance: /filter_tb
# ** Note: wr_begin
#    Time: 1940 ns  Iteration: 0  Instance: /filter_tb
# ** Note: wr_begin
#    Time: 1944 ns  Iteration: 0  Instance: /filter_tb
# ** Note: wr_begin
#    Time: 1948 ns  Iteration: 0  Instance: /filter_tb
# ** Note: wr_begin
#    Time: 1952 ns  Iteration: 0  Instance: /filter_tb
# ** Note: wr_begin
#    Time: 1956 ns  Iteration: 0  Instance: /filter_tb
# ** Note: wr_begin
#    Time: 1960 ns  Iteration: 0  Instance: /filter_tb
# ** Note: wr_begin
#    Time: 1964 ns  Iteration: 0  Instance: /filter_tb
# ** Note: wr_begin
#    Time: 1968 ns  Iteration: 0  Instance: /filter_tb
# ** Note: wr_begin
#    Time: 1972 ns  Iteration: 0  Instance: /filter_tb
# ** Note: wr_begin
#    Time: 1976 ns  Iteration: 0  Instance: /filter_tb
# ** Note: wr_begin
#    Time: 1980 ns  Iteration: 0  Instance: /filter_tb
# ** Note: wr_begin
#    Time: 1984 ns  Iteration: 0  Instance: /filter_tb
# ** Note: wr_begin
#    Time: 1988 ns  Iteration: 0  Instance: /filter_tb
# ** Note: wr_begin
#    Time: 1992 ns  Iteration: 0  Instance: /filter_tb
# ** Note: wr_begin
#    Time: 1996 ns  Iteration: 0  Instance: /filter_tb
# ** Note: wr_begin
#    Time: 2 us  Iteration: 0  Instance: /filter_tb
# ** Note: wr_close
#    Time: 2 us  Iteration: 0  Instance: /filter_tb
